# JRE version: OpenJDK Runtime Environment Corretto-11.0.28.6.1 (11.0.28+6) (build 11.0.28+6-LTS)
# Java VM: OpenJDK 64-Bit Server VM Corretto-11.0.28.6.1 (11.0.28+6-LTS, mixed mode, tiered, compressed oops, g1 gc, windows-amd64)
Heap:
 garbage-first heap   total 262144K, used 94277K [0x00000000e0000000, 0x0000000100000000)
  region size 1024K, 14 young (14336K), 3 survivors (3072K)
 Metaspace       used 76818K, capacity 80388K, committed 80544K, reserved 454656K
  class space    used 9956K, capacity 11235K, committed 11264K, reserved 385024K
GC Heap History (20 events):
Event: 5.735 GC heap before
{Heap before GC invocations=4 (full 0):
 garbage-first heap   total 262144K, used 117462K [0x00000000e0000000, 0x0000000100000000)
  region size 1024K, 97 young (99328K), 2 survivors (2048K)
 Metaspace       used 31572K, capacity 32341K, committed 32640K, reserved 413696K
  class space    used 4143K, capacity 4414K, committed 4480K, reserved 385024K
}
Event: 5.739 GC heap after
{Heap after GC invocations=5 (full 0):
 garbage-first heap   total 262144K, used 23036K [0x00000000e0000000, 0x0000000100000000)
  region size 1024K, 5 young (5120K), 5 survivors (5120K)
 Metaspace       used 31572K, capacity 32341K, committed 32640K, reserved 413696K
  class space    used 4143K, capacity 4414K, committed 4480K, reserved 385024K
}
Event: 6.187 GC heap before
{Heap before GC invocations=5 (full 0):
 garbage-first heap   total 262144K, used 52732K [0x00000000e0000000, 0x0000000100000000)
  region size 1024K, 35 young (35840K), 5 survivors (5120K)
 Metaspace       used 34696K, capacity 35576K, committed 35628K, reserved 415744K
  class space    used 4614K, capacity 4987K, committed 4992K, reserved 385024K
}
Event: 6.196 GC heap after
{Heap after GC invocations=6 (full 0):
 garbage-first heap   total 262144K, used 23914K [0x00000000e0000000, 0x0000000100000000)
  region size 1024K, 5 young (5120K), 5 survivors (5120K)
 Metaspace       used 34696K, capacity 35576K, committed 35628K, reserved 415744K
  class space    used 4614K, capacity 4987K, committed 4992K, reserved 385024K
}
Event: 8.294 GC heap before
{Heap before GC invocations=7 (full 0):
 garbage-first heap   total 262144K, used 156010K [0x00000000e0000000, 0x0000000100000000)
  region size 1024K, 130 young (133120K), 5 survivors (5120K)
 Metaspace       used 47568K, capacity 49119K, committed 49196K, reserved 428032K
  class space    used 6164K, capacity 6771K, committed 6784K, reserved 385024K
}
Event: 8.305 GC heap after
{Heap after GC invocations=8 (full 0):
 garbage-first heap   total 262144K, used 32578K [0x00000000e0000000, 0x0000000100000000)
  region size 1024K, 14 young (14336K), 14 survivors (14336K)
 Metaspace       used 47568K, capacity 49119K, committed 49196K, reserved 428032K
  class space    used 6164K, capacity 6771K, committed 6784K, reserved 385024K
}
Event: 9.855 GC heap before
{Heap before GC invocations=8 (full 0):
 garbage-first heap   total 262144K, used 168770K [0x00000000e0000000, 0x0000000100000000)
  region size 1024K, 146 young (149504K), 14 survivors (14336K)
 Metaspace       used 56230K, capacity 58460K, committed 58668K, reserved 436224K
  class space    used 7447K, capacity 8196K, committed 8320K, reserved 385024K
}
Event: 9.878 GC heap after
{Heap after GC invocations=9 (full 0):
 garbage-first heap   total 262144K, used 39049K [0x00000000e0000000, 0x0000000100000000)
  region size 1024K, 16 young (16384K), 16 survivors (16384K)
 Metaspace       used 56230K, capacity 58460K, committed 58668K, reserved 436224K
  class space    used 7447K, capacity 8196K, committed 8320K, reserved 385024K
}
Event: 10.230 GC heap before
{Heap before GC invocations=9 (full 0):
 garbage-first heap   total 262144K, used 68745K [0x00000000e0000000, 0x0000000100000000)
  region size 1024K, 46 young (47104K), 16 survivors (16384K)
 Metaspace       used 57272K, capacity 59663K, committed 59808K, reserved 438272K
  class space    used 7611K, capacity 8448K, committed 8448K, reserved 385024K
}
Event: 10.259 GC heap after
{Heap after GC invocations=10 (full 0):
 garbage-first heap   total 262144K, used 41845K [0x00000000e0000000, 0x0000000100000000)
  region size 1024K, 10 young (10240K), 10 survivors (10240K)
 Metaspace       used 57272K, capacity 59663K, committed 59808K, reserved 438272K
  class space    used 7611K, capacity 8448K, committed 8448K, reserved 385024K
}
Event: 12.231 GC heap before
{Heap before GC invocations=11 (full 0):
 garbage-first heap   total 262144K, used 173941K [0x00000000e0000000, 0x0000000100000000)
  region size 1024K, 138 young (141312K), 10 survivors (10240K)
 Metaspace       used 62196K, capacity 65036K, committed 65184K, reserved 442368K
  class space    used 8383K, capacity 9453K, committed 9472K, reserved 385024K
}
Event: 12.268 GC heap after
{Heap after GC invocations=12 (full 0):
 garbage-first heap   total 262144K, used 57343K [0x00000000e0000000, 0x0000000100000000)
  region size 1024K, 18 young (18432K), 18 survivors (18432K)
 Metaspace       used 62196K, capacity 65036K, committed 65184K, reserved 442368K
  class space    used 8383K, capacity 9453K, committed 9472K, reserved 385024K
}
Event: 19.617 GC heap before
{Heap before GC invocations=12 (full 0):
 garbage-first heap   total 262144K, used 186367K [0x00000000e0000000, 0x0000000100000000)
  region size 1024K, 139 young (142336K), 18 survivors (18432K)
 Metaspace       used 71686K, capacity 74751K, committed 74912K, reserved 450560K
  class space    used 9491K, capacity 10629K, committed 10752K, reserved 385024K
}
Event: 19.664 GC heap after
{Heap after GC invocations=13 (full 0):
 garbage-first heap   total 262144K, used 72703K [0x00000000e0000000, 0x0000000100000000)
  region size 1024K, 12 young (12288K), 12 survivors (12288K)
 Metaspace       used 71686K, capacity 74751K, committed 74912K, reserved 450560K
  class space    used 9491K, capacity 10629K, committed 10752K, reserved 385024K
}
Event: 62.870 GC heap before
{Heap before GC invocations=13 (full 0):
 garbage-first heap   total 262144K, used 194559K [0x00000000e0000000, 0x0000000100000000)
  region size 1024K, 126 young (129024K), 12 survivors (12288K)
 Metaspace       used 74298K, capacity 77680K, committed 77856K, reserved 452608K
  class space    used 9810K, capacity 11064K, committed 11136K, reserved 385024K
}
Event: 62.898 GC heap after
{Heap after GC invocations=14 (full 0):
 garbage-first heap   total 262144K, used 83314K [0x00000000e0000000, 0x0000000100000000)
  region size 1024K, 16 young (16384K), 16 survivors (16384K)
 Metaspace       used 74298K, capacity 77680K, committed 77856K, reserved 452608K
  class space    used 9810K, capacity 11064K, committed 11136K, reserved 385024K
}
Event: 64.839 GC heap before
{Heap before GC invocations=14 (full 0):
 garbage-first heap   total 262144K, used 200050K [0x00000000e0000000, 0x0000000100000000)
  region size 1024K, 120 young (122880K), 16 survivors (16384K)
 Metaspace       used 74899K, capacity 78360K, committed 78624K, reserved 452608K
  class space    used 9812K, capacity 11067K, committed 11136K, reserved 385024K
}
Event: 64.856 GC heap after
{Heap after GC invocations=15 (full 0):
 garbage-first heap   total 262144K, used 93598K [0x00000000e0000000, 0x0000000100000000)
  region size 1024K, 7 young (7168K), 7 survivors (7168K)
 Metaspace       used 74899K, capacity 78360K, committed 78624K, reserved 452608K
  class space    used 9812K, capacity 11067K, committed 11136K, reserved 385024K
}
Event: 116.949 GC heap before
{Heap before GC invocations=15 (full 0):
 garbage-first heap   total 262144K, used 209310K [0x00000000e0000000, 0x0000000100000000)
  region size 1024K, 108 young (110592K), 7 survivors (7168K)
 Metaspace       used 76162K, capacity 79691K, committed 80032K, reserved 454656K
  class space    used 9880K, capacity 11177K, committed 11264K, reserved 385024K
}
Event: 116.952 GC heap after
{Heap after GC invocations=16 (full 0):
 garbage-first heap   total 262144K, used 84037K [0x00000000e0000000, 0x0000000100000000)
  region size 1024K, 3 young (3072K), 3 survivors (3072K)
 Metaspace       used 76162K, capacity 79691K, committed 80032K, reserved 454656K
  class space    used 9880K, capacity 11177K, committed 11264K, reserved 385024K
}

